<?xml version="1.0" encoding="UTF-8" ?>
<testsuite tests="10" failures="0" name="com.google.devrel.training.conference.spi.ConferenceApiGlobalQueryTest" time="0.566" errors="0" skipped="0">
  <properties>
[...]
</properties>
  <testcase classname="com.google.devrel.training.conference.spi.ConferenceApiGlobalQueryTest" name="testEmptyQuery" time="0.14"/>
  <testcase classname="com.google.devrel.training.conference.spi.ConferenceApiGlobalQueryTest" name="testCityQuery" time="0.089"/>
  <testcase classname="com.google.devrel.training.conference.spi.ConferenceApiGlobalQueryTest" name="testMaxAttendeesGT" time="0.043"/>
  <testcase classname="com.google.devrel.training.conference.spi.ConferenceApiGlobalQueryTest" name="testMaxAttendeesLT" time="0.04"/>
  <testcase classname="com.google.devrel.training.conference.spi.ConferenceApiGlobalQueryTest" name="testMaxAttendeesNE" time="0.062"/>
  <testcase classname="com.google.devrel.training.conference.spi.ConferenceApiGlobalQueryTest" name="testTopicsQuery" time="0.03"/>
  <testcase classname="com.google.devrel.training.conference.spi.ConferenceApiGlobalQueryTest" name="testMultipleInequalityFilter" time="0.038"/>
  <testcase classname="com.google.devrel.training.conference.spi.ConferenceApiGlobalQueryTest" name="testComplexQuery" time="0.049"/>
  <testcase classname="com.google.devrel.training.conference.spi.ConferenceApiGlobalQueryTest" name="testMaxAttendeesGTEQ" time="0.035"/>
  <testcase classname="com.google.devrel.training.conference.spi.ConferenceApiGlobalQueryTest" name="testMaxAttendeesLTEQ" time="0.04"/>
</testsuite>